2026-05-31 02:04:10 | INFO | V12 RunPod Args: {'data_csv': '/workspace/fashion_train_subset_3_with_meta_text_v10.csv', 'output_dir': '/workspace/outputs_v12', 'batch_size': 2, 'accum_steps': 4, 'epochs': 10, 'phase1_epochs': 2, 'num_workers': 4, 'seed': 42, 'max_hours': 11.5, 'resume': False, 'smoke_test': False, 'no_amp': False}
2026-05-31 02:04:10 | INFO | Device: cuda | AMP Enabled: True
2026-05-31 02:04:10 | INFO | Data loading from: /workspace/fashion_train_subset_3_with_meta_text_v10.csv
2026-05-31 02:04:11 | INFO | Train: 52558 | Val: 5840 | Total Categories: 12
2026-05-31 02:04:16 | INFO | Model V12 params: 132.6M
2026-05-31 02:04:16 | INFO | [V12] Review Dropout P = 0.3
2026-05-31 02:04:16 | INFO | [V12] Gate Entropy Lambda = 0.02
2026-05-31 02:04:16 | INFO | [V12] 메인 모델 구조는 일반 V12와 동일하게 유지
2026-05-31 02:04:16 | INFO | 안전 제한 종료 시각: 13:34:16
2026-05-31 02:04:16 | INFO | --- [Phase 1] Text Encoder Frozen ---
2026-05-31 02:21:05 | INFO | [P1-E1] train=2.7587 val_mae=0.3885 gate=Seller0.25/Review0.25/Image0.27/Tab0.23
2026-05-31 02:38:00 | INFO | [P1-E2] train=2.0912 val_mae=0.3597 gate=Seller0.24/Review0.25/Image0.26/Tab0.25
2026-05-31 02:38:01 | INFO | --- [Phase 2] Text Encoder Unfrozen ---
2026-05-31 03:04:10 | INFO | [P2-E3] train=2.1555 val_mae=0.3312 gate=Seller0.24/Review0.24/Image0.30/Tab0.23
2026-05-31 03:04:11 | INFO | 🌟 최적 V12 가중치 저장: MAE=0.3312 -> /workspace/outputs_v12/best_mobile_version_v12_model.pth
2026-05-31 03:30:25 | INFO | [P2-E4] train=1.7589 val_mae=0.3268 gate=Seller0.24/Review0.25/Image0.27/Tab0.24
2026-05-31 03:30:26 | INFO | 🌟 최적 V12 가중치 저장: MAE=0.3268 -> /workspace/outputs_v12/best_mobile_version_v12_model.pth
2026-05-31 03:55:23 | INFO | [P2-E5] train=1.5413 val_mae=0.3192 gate=Seller0.25/Review0.24/Image0.27/Tab0.24
2026-05-31 03:55:24 | INFO | 🌟 최적 V12 가중치 저장: MAE=0.3192 -> /workspace/outputs_v12/best_mobile_version_v12_model.pth
2026-05-31 04:20:26 | INFO | [P2-E6] train=1.3505 val_mae=0.3187 gate=Seller0.23/Review0.26/Image0.26/Tab0.25
2026-05-31 04:20:27 | INFO | 🌟 최적 V12 가중치 저장: MAE=0.3187 -> /workspace/outputs_v12/best_mobile_version_v12_model.pth
2026-05-31 04:46:31 | INFO | [P2-E7] train=1.1975 val_mae=0.3102 gate=Seller0.25/Review0.25/Image0.25/Tab0.25
2026-05-31 04:46:32 | INFO | 🌟 최적 V12 가중치 저장: MAE=0.3102 -> /workspace/outputs_v12/best_mobile_version_v12_model.pth
2026-05-31 05:12:58 | INFO | [P2-E8] train=1.1037 val_mae=0.2943 gate=Seller0.25/Review0.25/Image0.25/Tab0.25
2026-05-31 05:12:59 | INFO | 🌟 최적 V12 가중치 저장: MAE=0.2943 -> /workspace/outputs_v12/best_mobile_version_v12_model.pth
2026-05-31 05:39:02 | INFO | [P2-E9] train=1.0425 val_mae=0.2933 gate=Seller0.25/Review0.25/Image0.25/Tab0.25
2026-05-31 05:39:03 | INFO | 🌟 최적 V12 가중치 저장: MAE=0.2933 -> /workspace/outputs_v12/best_mobile_version_v12_model.pth
2026-05-31 06:04:55 | INFO | [P2-E10] train=1.0042 val_mae=0.2877 gate=Seller0.25/Review0.25/Image0.25/Tab0.25
2026-05-31 06:04:56 | INFO | 🌟 최적 V12 가중치 저장: MAE=0.2877 -> /workspace/outputs_v12/best_mobile_version_v12_model.pth
2026-05-31 06:04:58 | INFO | ✅ 학습 완료! Best MAE: 0.2877
2026-05-31 06:04:58 | INFO | 총 소요 시간: 4.01시간 | 최종 Best MAE = 0.2877
2026-05-31 06:24:42 | INFO | V12 RunPod Args: {'data_csv': '/workspace/fashion_train_subset_3_with_meta_text_v10.csv', 'output_dir': '/workspace/outputs_v12', 'batch_size': 2, 'accum_steps': 4, 'epochs': 10, 'phase1_epochs': 2, 'num_workers': 4, 'seed': 42, 'max_hours': 11.5, 'resume': False, 'smoke_test': False, 'no_amp': False}
2026-05-31 06:24:42 | INFO | Device: cuda | AMP Enabled: True
2026-05-31 06:24:42 | INFO | Data loading from: /workspace/fashion_train_subset_3_with_meta_text_v10.csv
2026-05-31 06:24:43 | INFO | Train: 52558 | Val: 5840 | Total Categories: 12
2026-05-31 06:24:44 | INFO | Model V12 params: 132.6M
2026-05-31 06:24:44 | INFO | [V12] Review Dropout P = 0.3
2026-05-31 06:24:44 | INFO | [V12] Gate Entropy Lambda = 0.01
2026-05-31 06:24:44 | INFO | [V12] 메인 모델 구조는 일반 V12와 동일하게 유지
2026-05-31 06:24:44 | INFO | 안전 제한 종료 시각: 17:54:44
2026-05-31 06:24:44 | INFO | --- [Phase 1] Text Encoder Frozen ---
